
Gurobi 8.1.0 (win64, Python) logging started 02/12/19 20:10:29

Academic license - for non-commercial use only
Optimize a model with 4 rows, 12 columns and 39 nonzeros
Coefficient statistics:
  Matrix range     [1e+00, 2e+03]
  Objective range  [9e-01, 3e+00]
  Bounds range     [7e+01, 2e+03]
  RHS range        [7e+01, 2e+03]
Presolve removed 0 rows and 2 columns
Presolve time: 0.00s
Presolved: 4 rows, 10 columns, 37 nonzeros

Iteration    Objective       Primal Inf.    Dual Inf.      Time
       0    0.0000000e+00   1.472500e+02   0.000000e+00      0s
       4    1.1828861e+01   0.000000e+00   0.000000e+00      0s

Solved in 4 iterations and 0.00 seconds
Optimal objective  1.182886111e+01
Optimize a model with 5 rows, 12 columns and 41 nonzeros
Coefficient statistics:
  Matrix range     [1e+00, 2e+03]
  Objective range  [9e-01, 3e+00]
  Bounds range     [7e+01, 2e+03]
  RHS range        [6e+00, 2e+03]
Iteration    Objective       Primal Inf.    Dual Inf.      Time
       0    1.1828861e+01   5.698333e+01   0.000000e+00      0s

Solved in 0 iterations and 0.00 seconds
Infeasible model

Gurobi 8.1.0 (win64, Python) logging started 02/12/19 21:01:39

Academic license - for non-commercial use only

Gurobi 8.1.0 (win64, Python) logging started 02/12/19 21:01:49

Academic license - for non-commercial use only

Gurobi 8.1.0 (win64, Python) logging started 02/12/19 21:03:52

Academic license - for non-commercial use only

Gurobi 8.1.0 (win64, Python) logging started 02/12/19 21:07:02

Academic license - for non-commercial use only

Gurobi 8.1.0 (win64, Python) logging started 02/12/19 21:07:41

Academic license - for non-commercial use only

Gurobi 8.1.0 (win64, Python) logging started 02/12/19 21:50:31

Academic license - for non-commercial use only

Gurobi 8.1.0 (win64, Python) logging started 02/16/19 20:00:42

Academic license - for non-commercial use only

Gurobi 8.1.0 (win64, Python) logging started 02/16/19 20:00:56

Academic license - for non-commercial use only

Gurobi 8.1.0 (win64, Python) logging started 02/16/19 20:01:41

Academic license - for non-commercial use only

Gurobi 8.1.0 (win64, Python) logging started 02/16/19 20:02:18

Academic license - for non-commercial use only

Gurobi 8.1.0 (win64, Python) logging started 02/16/19 20:06:04

Academic license - for non-commercial use only

Gurobi 8.1.0 (win64, Python) logging started 02/16/19 20:06:14

Academic license - for non-commercial use only
Optimize a model with 4 rows, 28 columns and 28 nonzeros
Coefficient statistics:
  Matrix range     [1e+00, 1e+00]
  Objective range  [6e+02, 3e+03]
  Bounds range     [0e+00, 0e+00]
  RHS range        [6e+02, 1e+03]
Presolve removed 4 rows and 28 columns
Presolve time: 0.01s
Presolve: All rows and columns removed
Iteration    Objective       Primal Inf.    Dual Inf.      Time
       0    0.0000000e+00   0.000000e+00   0.000000e+00      0s

Solved in 0 iterations and 0.01 seconds
Optimal objective  0.000000000e+00

Gurobi 8.1.0 (win64, Python) logging started 02/16/19 20:08:34

Academic license - for non-commercial use only
Optimize a model with 4 rows, 28 columns and 28 nonzeros
Coefficient statistics:
  Matrix range     [1e+00, 1e+00]
  Objective range  [6e+02, 3e+03]
  Bounds range     [0e+00, 0e+00]
  RHS range        [6e+02, 1e+03]
Presolve removed 4 rows and 28 columns
Presolve time: 0.01s
Presolve: All rows and columns removed
Iteration    Objective       Primal Inf.    Dual Inf.      Time
       0    9.3000000e+06   0.000000e+00   0.000000e+00      0s

Solved in 0 iterations and 0.01 seconds
Optimal objective  9.300000000e+06

Gurobi 8.1.0 (win64, Python) logging started 02/16/19 20:10:02

Academic license - for non-commercial use only
Optimize a model with 4 rows, 28 columns and 28 nonzeros
Coefficient statistics:
  Matrix range     [2e+00, 6e+00]
  Objective range  [6e+02, 3e+03]
  Bounds range     [0e+00, 0e+00]
  RHS range        [6e+02, 1e+03]
Presolve removed 4 rows and 28 columns
Presolve time: 0.01s
Presolve: All rows and columns removed
Iteration    Objective       Primal Inf.    Dual Inf.      Time
       0    3.7200000e+06   0.000000e+00   0.000000e+00      0s

Solved in 0 iterations and 0.01 seconds
Optimal objective  3.720000000e+06

Gurobi 8.1.0 (win64, Python) logging started 02/16/19 20:10:28

Academic license - for non-commercial use only
Optimize a model with 4 rows, 28 columns and 28 nonzeros
Coefficient statistics:
  Matrix range     [2e+00, 6e+00]
  Objective range  [6e+02, 3e+03]
  Bounds range     [0e+00, 0e+00]
  RHS range        [6e+02, 1e+03]
Presolve removed 4 rows and 28 columns
Presolve time: 0.00s
Presolve: All rows and columns removed
Iteration    Objective       Primal Inf.    Dual Inf.      Time
       0    3.7200000e+06   0.000000e+00   0.000000e+00      0s

Solved in 0 iterations and 0.00 seconds
Optimal objective  3.720000000e+06

Gurobi 8.1.0 (win64, Python) logging started 02/16/19 20:28:38

Academic license - for non-commercial use only

Gurobi 8.1.0 (win64, Python) logging started 02/16/19 20:29:58

Academic license - for non-commercial use only

Gurobi 8.1.0 (win64, Python) logging started 02/16/19 20:30:12

Academic license - for non-commercial use only
Warning: linear constraint 5 and linear constraint 6 have the same name "onhand"
Optimize a model with 12 rows, 28 columns and 84 nonzeros
Coefficient statistics:
  Matrix range     [5e-01, 6e+00]
  Objective range  [6e+02, 3e+03]
  Bounds range     [0e+00, 0e+00]
  RHS range        [1e+02, 1e+03]
Presolve time: 0.00s
Presolved: 12 rows, 28 columns, 84 nonzeros

Iteration    Objective       Primal Inf.    Dual Inf.      Time
       0    5.7400000e+34   5.313000e+31   5.740000e+04      0s
      12    2.0948750e+06   0.000000e+00   0.000000e+00      0s

Solved in 12 iterations and 0.01 seconds
Optimal objective  2.094875000e+06

Gurobi 8.1.0 (win64, Python) logging started 02/16/19 20:32:56

Academic license - for non-commercial use only
Optimize a model with 12 rows, 28 columns and 84 nonzeros
Coefficient statistics:
  Matrix range     [5e-01, 6e+00]
  Objective range  [6e+02, 3e+03]
  Bounds range     [0e+00, 0e+00]
  RHS range        [1e+02, 1e+03]
Presolve time: 0.01s
Presolved: 12 rows, 28 columns, 84 nonzeros

Iteration    Objective       Primal Inf.    Dual Inf.      Time
       0    5.7400000e+34   5.313000e+31   5.740000e+04      0s
      12    2.0948750e+06   0.000000e+00   0.000000e+00      0s

Solved in 12 iterations and 0.01 seconds
Optimal objective  2.094875000e+06

Gurobi 8.1.0 (win64, Python) logging started 02/16/19 20:35:40

Academic license - for non-commercial use only
Optimize a model with 12 rows, 28 columns and 84 nonzeros
Coefficient statistics:
  Matrix range     [5e-01, 6e+00]
  Objective range  [6e+02, 3e+03]
  Bounds range     [0e+00, 0e+00]
  RHS range        [1e+02, 1e+03]
Presolve time: 0.00s
Presolved: 12 rows, 28 columns, 84 nonzeros

Iteration    Objective       Primal Inf.    Dual Inf.      Time
       0    5.7400000e+34   5.313000e+31   5.740000e+04      0s
      12    2.0948750e+06   0.000000e+00   0.000000e+00      0s

Solved in 12 iterations and 0.00 seconds
Optimal objective  2.094875000e+06

Gurobi 8.1.0 (win64, Python) logging started 02/16/19 20:36:47

Academic license - for non-commercial use only
Optimize a model with 12 rows, 28 columns and 84 nonzeros
Coefficient statistics:
  Matrix range     [5e-01, 6e+00]
  Objective range  [6e+02, 3e+03]
  Bounds range     [0e+00, 0e+00]
  RHS range        [1e+02, 1e+03]
Presolve time: 0.00s
Presolved: 12 rows, 28 columns, 84 nonzeros

Iteration    Objective       Primal Inf.    Dual Inf.      Time
       0    5.7400000e+34   5.313000e+31   5.740000e+04      0s
      12    2.0948750e+06   0.000000e+00   0.000000e+00      0s

Solved in 12 iterations and 0.00 seconds
Optimal objective  2.094875000e+06

Gurobi 8.1.0 (win64, Python) logging started 02/16/19 20:37:39

Academic license - for non-commercial use only
Optimize a model with 12 rows, 28 columns and 84 nonzeros
Coefficient statistics:
  Matrix range     [5e-01, 6e+00]
  Objective range  [6e+02, 3e+03]
  Bounds range     [0e+00, 0e+00]
  RHS range        [1e+02, 1e+03]
Presolve time: 0.00s
Presolved: 12 rows, 28 columns, 84 nonzeros

Iteration    Objective       Primal Inf.    Dual Inf.      Time
       0    5.7400000e+34   5.313000e+31   5.740000e+04      0s
      12    2.0948750e+06   0.000000e+00   0.000000e+00      0s

Solved in 12 iterations and 0.00 seconds
Optimal objective  2.094875000e+06

Gurobi 8.1.0 (win64, Python) logging started 02/16/19 20:38:40

Academic license - for non-commercial use only
Optimize a model with 12 rows, 28 columns and 84 nonzeros
Coefficient statistics:
  Matrix range     [5e-01, 6e+00]
  Objective range  [6e+02, 3e+03]
  Bounds range     [0e+00, 0e+00]
  RHS range        [1e+02, 1e+03]
Presolve time: 0.00s
Presolved: 12 rows, 28 columns, 84 nonzeros

Iteration    Objective       Primal Inf.    Dual Inf.      Time
       0    5.7400000e+34   5.313000e+31   5.740000e+04      0s
      12    2.0948750e+06   0.000000e+00   0.000000e+00      0s

Solved in 12 iterations and 0.00 seconds
Optimal objective  2.094875000e+06

Gurobi 8.1.0 (win64, Python) logging started 02/16/19 20:39:28

Academic license - for non-commercial use only
Optimize a model with 12 rows, 28 columns and 84 nonzeros
Coefficient statistics:
  Matrix range     [5e-01, 6e+00]
  Objective range  [6e+02, 3e+03]
  Bounds range     [0e+00, 0e+00]
  RHS range        [1e+02, 1e+03]
Presolve time: 0.00s
Presolved: 12 rows, 28 columns, 84 nonzeros

Iteration    Objective       Primal Inf.    Dual Inf.      Time
       0    5.7400000e+34   5.313000e+31   5.740000e+04      0s
      12    2.0948750e+06   0.000000e+00   0.000000e+00      0s

Solved in 12 iterations and 0.00 seconds
Optimal objective  2.094875000e+06

Gurobi 8.1.0 (win64, Python) logging started 02/16/19 20:39:48

Academic license - for non-commercial use only
Optimize a model with 12 rows, 28 columns and 84 nonzeros
Coefficient statistics:
  Matrix range     [5e-01, 6e+00]
  Objective range  [6e+02, 3e+03]
  Bounds range     [0e+00, 0e+00]
  RHS range        [1e+02, 1e+03]
Presolve time: 0.00s
Presolved: 12 rows, 28 columns, 84 nonzeros

Iteration    Objective       Primal Inf.    Dual Inf.      Time
       0    5.7400000e+34   5.313000e+31   5.740000e+04      0s
      12    2.0948750e+06   0.000000e+00   0.000000e+00      0s

Solved in 12 iterations and 0.00 seconds
Optimal objective  2.094875000e+06

Gurobi 8.1.0 (win64, Python) logging started 02/16/19 20:40:41

Academic license - for non-commercial use only
Optimize a model with 12 rows, 28 columns and 84 nonzeros
Coefficient statistics:
  Matrix range     [5e-01, 6e+00]
  Objective range  [6e+02, 3e+03]
  Bounds range     [0e+00, 0e+00]
  RHS range        [1e+02, 1e+03]
Presolve time: 0.00s
Presolved: 12 rows, 28 columns, 84 nonzeros

Iteration    Objective       Primal Inf.    Dual Inf.      Time
       0    5.7400000e+34   5.313000e+31   5.740000e+04      0s
      12    2.0948750e+06   0.000000e+00   0.000000e+00      0s

Solved in 12 iterations and 0.00 seconds
Optimal objective  2.094875000e+06

Gurobi 8.1.0 (win64, Python) logging started 02/16/19 20:41:21

Academic license - for non-commercial use only
Optimize a model with 12 rows, 28 columns and 84 nonzeros
Coefficient statistics:
  Matrix range     [5e-01, 6e+00]
  Objective range  [6e+02, 3e+03]
  Bounds range     [0e+00, 0e+00]
  RHS range        [1e+02, 1e+03]
Presolve time: 0.00s
Presolved: 12 rows, 28 columns, 84 nonzeros

Iteration    Objective       Primal Inf.    Dual Inf.      Time
       0    5.7400000e+34   5.313000e+31   5.740000e+04      0s
      12    2.0948750e+06   0.000000e+00   0.000000e+00      0s

Solved in 12 iterations and 0.00 seconds
Optimal objective  2.094875000e+06

Gurobi 8.1.0 (win64, Python) logging started 02/16/19 20:42:54

Academic license - for non-commercial use only
Optimize a model with 12 rows, 28 columns and 84 nonzeros
Coefficient statistics:
  Matrix range     [5e-01, 6e+00]
  Objective range  [6e+02, 3e+03]
  Bounds range     [0e+00, 0e+00]
  RHS range        [1e+02, 1e+03]
Presolve time: 0.00s
Presolved: 12 rows, 28 columns, 84 nonzeros

Iteration    Objective       Primal Inf.    Dual Inf.      Time
       0    5.7400000e+34   5.313000e+31   5.740000e+04      0s
      12    2.0948750e+06   0.000000e+00   0.000000e+00      0s

Solved in 12 iterations and 0.00 seconds
Optimal objective  2.094875000e+06

Gurobi 8.1.0 (win64, Python) logging started 02/16/19 20:43:32

Academic license - for non-commercial use only
Optimize a model with 12 rows, 28 columns and 84 nonzeros
Coefficient statistics:
  Matrix range     [5e-01, 6e+00]
  Objective range  [6e+02, 3e+03]
  Bounds range     [0e+00, 0e+00]
  RHS range        [1e+02, 1e+03]
Presolve time: 0.00s
Presolved: 12 rows, 28 columns, 84 nonzeros

Iteration    Objective       Primal Inf.    Dual Inf.      Time
       0    5.7400000e+34   5.313000e+31   5.740000e+04      0s
      12    2.0948750e+06   0.000000e+00   0.000000e+00      0s

Solved in 12 iterations and 0.00 seconds
Optimal objective  2.094875000e+06

Gurobi 8.1.0 (win64, Python) logging started 02/16/19 20:45:02

Academic license - for non-commercial use only
Optimize a model with 12 rows, 28 columns and 84 nonzeros
Coefficient statistics:
  Matrix range     [5e-01, 6e+00]
  Objective range  [6e+02, 3e+03]
  Bounds range     [0e+00, 0e+00]
  RHS range        [1e+02, 1e+03]
Presolve time: 0.00s
Presolved: 12 rows, 28 columns, 84 nonzeros

Iteration    Objective       Primal Inf.    Dual Inf.      Time
       0    5.7400000e+34   5.313000e+31   5.740000e+04      0s
      12    2.0948750e+06   0.000000e+00   0.000000e+00      0s

Solved in 12 iterations and 0.00 seconds
Optimal objective  2.094875000e+06

Gurobi 8.1.0 (win64, Python) logging started 02/16/19 20:58:59

Academic license - for non-commercial use only
Optimize a model with 12 rows, 28 columns and 84 nonzeros
Coefficient statistics:
  Matrix range     [5e-01, 6e+00]
  Objective range  [6e+02, 3e+03]
  Bounds range     [0e+00, 0e+00]
  RHS range        [1e+02, 1e+03]
Presolve time: 0.00s
Presolved: 12 rows, 28 columns, 84 nonzeros

Iteration    Objective       Primal Inf.    Dual Inf.      Time
       0    5.7400000e+34   5.313000e+31   5.740000e+04      0s
      12    2.0948750e+06   0.000000e+00   0.000000e+00      0s

Solved in 12 iterations and 0.00 seconds
Optimal objective  2.094875000e+06

Gurobi 8.1.0 (win64, Python) logging started 02/16/19 20:59:14

Academic license - for non-commercial use only
Optimize a model with 12 rows, 28 columns and 84 nonzeros
Coefficient statistics:
  Matrix range     [5e-01, 6e+00]
  Objective range  [6e+02, 3e+03]
  Bounds range     [0e+00, 0e+00]
  RHS range        [1e+02, 1e+03]
Presolve time: 0.00s
Presolved: 12 rows, 28 columns, 84 nonzeros

Iteration    Objective       Primal Inf.    Dual Inf.      Time
       0    5.7400000e+34   5.313000e+31   5.740000e+04      0s
      12    2.0948750e+06   0.000000e+00   0.000000e+00      0s

Solved in 12 iterations and 0.00 seconds
Optimal objective  2.094875000e+06

Gurobi 8.1.0 (win64, Python) logging started 02/16/19 21:00:06

Academic license - for non-commercial use only
Optimize a model with 12 rows, 28 columns and 84 nonzeros
Coefficient statistics:
  Matrix range     [5e-01, 6e+00]
  Objective range  [6e+02, 3e+03]
  Bounds range     [0e+00, 0e+00]
  RHS range        [1e+02, 1e+03]
Presolve time: 0.00s
Presolved: 12 rows, 28 columns, 84 nonzeros

Iteration    Objective       Primal Inf.    Dual Inf.      Time
       0    5.7400000e+34   5.313000e+31   5.740000e+04      0s
      12    2.0948750e+06   0.000000e+00   0.000000e+00      0s

Solved in 12 iterations and 0.00 seconds
Optimal objective  2.094875000e+06

Gurobi 8.1.0 (win64, Python) logging started 02/16/19 21:01:17

Academic license - for non-commercial use only
Optimize a model with 12 rows, 28 columns and 84 nonzeros
Coefficient statistics:
  Matrix range     [5e-01, 6e+00]
  Objective range  [6e+02, 3e+03]
  Bounds range     [0e+00, 0e+00]
  RHS range        [1e+02, 1e+03]
Presolve time: 0.00s
Presolved: 12 rows, 28 columns, 84 nonzeros

Iteration    Objective       Primal Inf.    Dual Inf.      Time
       0    5.7400000e+34   5.313000e+31   5.740000e+04      0s
      12    2.0948750e+06   0.000000e+00   0.000000e+00      0s

Solved in 12 iterations and 0.00 seconds
Optimal objective  2.094875000e+06

Gurobi 8.1.0 (win64, Python) logging started 02/16/19 21:01:27

Academic license - for non-commercial use only
Optimize a model with 12 rows, 28 columns and 84 nonzeros
Coefficient statistics:
  Matrix range     [5e-01, 6e+00]
  Objective range  [6e+02, 3e+03]
  Bounds range     [0e+00, 0e+00]
  RHS range        [1e+02, 1e+03]
Presolve time: 0.00s
Presolved: 12 rows, 28 columns, 84 nonzeros

Iteration    Objective       Primal Inf.    Dual Inf.      Time
       0    5.7400000e+34   5.313000e+31   5.740000e+04      0s
      12    2.0948750e+06   0.000000e+00   0.000000e+00      0s

Solved in 12 iterations and 0.00 seconds
Optimal objective  2.094875000e+06

Gurobi 8.1.0 (win64, Python) logging started 02/16/19 21:03:07

Academic license - for non-commercial use only
Optimize a model with 12 rows, 28 columns and 84 nonzeros
Coefficient statistics:
  Matrix range     [5e-01, 6e+00]
  Objective range  [6e+02, 3e+03]
  Bounds range     [0e+00, 0e+00]
  RHS range        [1e+02, 1e+03]
Presolve time: 0.00s
Presolved: 12 rows, 28 columns, 84 nonzeros

Iteration    Objective       Primal Inf.    Dual Inf.      Time
       0    5.7400000e+34   5.313000e+31   5.740000e+04      0s
      12    2.0948750e+06   0.000000e+00   0.000000e+00      0s

Solved in 12 iterations and 0.00 seconds
Optimal objective  2.094875000e+06

Gurobi 8.1.0 (win64, Python) logging started 02/16/19 21:04:17

Academic license - for non-commercial use only
Optimize a model with 12 rows, 28 columns and 84 nonzeros
Coefficient statistics:
  Matrix range     [5e-01, 6e+00]
  Objective range  [6e+02, 3e+03]
  Bounds range     [0e+00, 0e+00]
  RHS range        [1e+02, 1e+03]
Presolve time: 0.00s
Presolved: 12 rows, 28 columns, 84 nonzeros

Iteration    Objective       Primal Inf.    Dual Inf.      Time
       0    5.7400000e+34   5.313000e+31   5.740000e+04      0s
      12    2.0948750e+06   0.000000e+00   0.000000e+00      0s

Solved in 12 iterations and 0.00 seconds
Optimal objective  2.094875000e+06

Gurobi 8.1.0 (win64, Python) logging started 02/16/19 21:04:44

Academic license - for non-commercial use only
Optimize a model with 12 rows, 28 columns and 84 nonzeros
Coefficient statistics:
  Matrix range     [5e-01, 6e+00]
  Objective range  [6e+02, 3e+03]
  Bounds range     [0e+00, 0e+00]
  RHS range        [1e+02, 1e+03]
Presolve time: 0.00s
Presolved: 12 rows, 28 columns, 84 nonzeros

Iteration    Objective       Primal Inf.    Dual Inf.      Time
       0    5.7400000e+34   5.313000e+31   5.740000e+04      0s
      12    2.0948750e+06   0.000000e+00   0.000000e+00      0s

Solved in 12 iterations and 0.00 seconds
Optimal objective  2.094875000e+06

Gurobi 8.1.0 (win64, Python) logging started 02/16/19 21:05:15

Academic license - for non-commercial use only
Optimize a model with 12 rows, 28 columns and 84 nonzeros
Coefficient statistics:
  Matrix range     [5e-01, 6e+00]
  Objective range  [6e+02, 3e+03]
  Bounds range     [0e+00, 0e+00]
  RHS range        [1e+02, 1e+03]
Presolve time: 0.00s
Presolved: 12 rows, 28 columns, 84 nonzeros

Iteration    Objective       Primal Inf.    Dual Inf.      Time
       0    5.7400000e+34   5.313000e+31   5.740000e+04      0s
      12    2.0948750e+06   0.000000e+00   0.000000e+00      0s

Solved in 12 iterations and 0.00 seconds
Optimal objective  2.094875000e+06

Gurobi 8.1.0 (win64, Python) logging started 02/16/19 21:05:27

Academic license - for non-commercial use only
Optimize a model with 12 rows, 28 columns and 84 nonzeros
Coefficient statistics:
  Matrix range     [5e-01, 6e+00]
  Objective range  [6e+02, 3e+03]
  Bounds range     [0e+00, 0e+00]
  RHS range        [1e+02, 1e+03]
Presolve time: 0.00s
Presolved: 12 rows, 28 columns, 84 nonzeros

Iteration    Objective       Primal Inf.    Dual Inf.      Time
       0    5.7400000e+34   5.313000e+31   5.740000e+04      0s
      12    2.0948750e+06   0.000000e+00   0.000000e+00      0s

Solved in 12 iterations and 0.00 seconds
Optimal objective  2.094875000e+06

Gurobi 8.1.0 (win64, Python) logging started 02/16/19 21:05:55

Academic license - for non-commercial use only
Optimize a model with 12 rows, 28 columns and 84 nonzeros
Coefficient statistics:
  Matrix range     [5e-01, 6e+00]
  Objective range  [6e+02, 3e+03]
  Bounds range     [0e+00, 0e+00]
  RHS range        [1e+02, 1e+03]
Presolve time: 0.00s
Presolved: 12 rows, 28 columns, 84 nonzeros

Iteration    Objective       Primal Inf.    Dual Inf.      Time
       0    5.7400000e+34   5.313000e+31   5.740000e+04      0s
      12    2.0948750e+06   0.000000e+00   0.000000e+00      0s

Solved in 12 iterations and 0.00 seconds
Optimal objective  2.094875000e+06

Gurobi 8.1.0 (win64, Python) logging started 02/16/19 21:06:07

Academic license - for non-commercial use only
Optimize a model with 12 rows, 28 columns and 84 nonzeros
Coefficient statistics:
  Matrix range     [5e-01, 6e+00]
  Objective range  [6e+02, 3e+03]
  Bounds range     [0e+00, 0e+00]
  RHS range        [1e+02, 1e+03]
Presolve time: 0.00s
Presolved: 12 rows, 28 columns, 84 nonzeros

Iteration    Objective       Primal Inf.    Dual Inf.      Time
       0    5.7400000e+34   5.313000e+31   5.740000e+04      0s
      12    2.0948750e+06   0.000000e+00   0.000000e+00      0s

Solved in 12 iterations and 0.00 seconds
Optimal objective  2.094875000e+06

Gurobi 8.1.0 (win64, Python) logging started 02/16/19 21:08:01

Academic license - for non-commercial use only
Optimize a model with 12 rows, 28 columns and 84 nonzeros
Coefficient statistics:
  Matrix range     [5e-01, 6e+00]
  Objective range  [6e+02, 3e+03]
  Bounds range     [0e+00, 0e+00]
  RHS range        [1e+02, 1e+03]
Presolve time: 0.00s
Presolved: 12 rows, 28 columns, 84 nonzeros

Iteration    Objective       Primal Inf.    Dual Inf.      Time
       0    5.7400000e+34   5.313000e+31   5.740000e+04      0s
      12    2.0948750e+06   0.000000e+00   0.000000e+00      0s

Solved in 12 iterations and 0.00 seconds
Optimal objective  2.094875000e+06

Gurobi 8.1.0 (win64, Python) logging started 02/16/19 21:08:30

Academic license - for non-commercial use only
Optimize a model with 12 rows, 28 columns and 84 nonzeros
Coefficient statistics:
  Matrix range     [5e-01, 6e+00]
  Objective range  [6e+02, 3e+03]
  Bounds range     [0e+00, 0e+00]
  RHS range        [1e+02, 1e+03]
Presolve time: 0.00s
Presolved: 12 rows, 28 columns, 84 nonzeros

Iteration    Objective       Primal Inf.    Dual Inf.      Time
       0    5.7400000e+34   5.313000e+31   5.740000e+04      0s
      12    2.0948750e+06   0.000000e+00   0.000000e+00      0s

Solved in 12 iterations and 0.00 seconds
Optimal objective  2.094875000e+06

Gurobi 8.1.0 (win64, Python) logging started 02/16/19 21:08:54

Academic license - for non-commercial use only
Optimize a model with 12 rows, 28 columns and 84 nonzeros
Coefficient statistics:
  Matrix range     [5e-01, 6e+00]
  Objective range  [6e+02, 3e+03]
  Bounds range     [0e+00, 0e+00]
  RHS range        [1e+02, 1e+03]
Presolve time: 0.00s
Presolved: 12 rows, 28 columns, 84 nonzeros

Iteration    Objective       Primal Inf.    Dual Inf.      Time
       0    5.7400000e+34   5.313000e+31   5.740000e+04      0s
      12    2.0948750e+06   0.000000e+00   0.000000e+00      0s

Solved in 12 iterations and 0.00 seconds
Optimal objective  2.094875000e+06

Gurobi 8.1.0 (win64, Python) logging started 02/16/19 21:10:52

Academic license - for non-commercial use only
Optimize a model with 12 rows, 28 columns and 84 nonzeros
Coefficient statistics:
  Matrix range     [5e-01, 6e+00]
  Objective range  [6e+02, 3e+03]
  Bounds range     [0e+00, 0e+00]
  RHS range        [1e+02, 1e+03]
Presolve time: 0.00s
Presolved: 12 rows, 28 columns, 84 nonzeros

Iteration    Objective       Primal Inf.    Dual Inf.      Time
       0    5.7400000e+34   5.313000e+31   5.740000e+04      0s
      12    2.0948750e+06   0.000000e+00   0.000000e+00      0s

Solved in 12 iterations and 0.00 seconds
Optimal objective  2.094875000e+06

Gurobi 8.1.0 (win64, Python) logging started 02/16/19 21:13:10

Academic license - for non-commercial use only
Optimize a model with 12 rows, 28 columns and 84 nonzeros
Coefficient statistics:
  Matrix range     [5e-01, 6e+00]
  Objective range  [6e+02, 3e+03]
  Bounds range     [0e+00, 0e+00]
  RHS range        [1e+02, 1e+03]
Presolve time: 0.00s
Presolved: 12 rows, 28 columns, 84 nonzeros

Iteration    Objective       Primal Inf.    Dual Inf.      Time
       0    5.7400000e+34   5.313000e+31   5.740000e+04      0s
      12    2.0948750e+06   0.000000e+00   0.000000e+00      0s

Solved in 12 iterations and 0.00 seconds
Optimal objective  2.094875000e+06

Gurobi 8.1.0 (win64, Python) logging started 02/16/19 21:14:01

Academic license - for non-commercial use only
Optimize a model with 12 rows, 28 columns and 84 nonzeros
Coefficient statistics:
  Matrix range     [5e-01, 6e+00]
  Objective range  [6e+02, 3e+03]
  Bounds range     [0e+00, 0e+00]
  RHS range        [1e+02, 1e+03]
Presolve time: 0.00s
Presolved: 12 rows, 28 columns, 84 nonzeros

Iteration    Objective       Primal Inf.    Dual Inf.      Time
       0    5.7400000e+34   5.313000e+31   5.740000e+04      0s
      12    2.0948750e+06   0.000000e+00   0.000000e+00      0s

Solved in 12 iterations and 0.00 seconds
Optimal objective  2.094875000e+06

Gurobi 8.1.0 (win64, Python) logging started 02/16/19 21:14:14

Academic license - for non-commercial use only
Optimize a model with 12 rows, 28 columns and 84 nonzeros
Coefficient statistics:
  Matrix range     [5e-01, 6e+00]
  Objective range  [6e+02, 3e+03]
  Bounds range     [0e+00, 0e+00]
  RHS range        [1e+02, 1e+03]
Presolve time: 0.00s
Presolved: 12 rows, 28 columns, 84 nonzeros

Iteration    Objective       Primal Inf.    Dual Inf.      Time
       0    5.7400000e+34   5.313000e+31   5.740000e+04      0s
      12    2.0948750e+06   0.000000e+00   0.000000e+00      0s

Solved in 12 iterations and 0.00 seconds
Optimal objective  2.094875000e+06

Gurobi 8.1.0 (win64, Python) logging started 02/16/19 21:14:32

Academic license - for non-commercial use only
Optimize a model with 12 rows, 28 columns and 84 nonzeros
Coefficient statistics:
  Matrix range     [5e-01, 6e+00]
  Objective range  [6e+02, 3e+03]
  Bounds range     [0e+00, 0e+00]
  RHS range        [1e+02, 1e+03]
Presolve time: 0.00s
Presolved: 12 rows, 28 columns, 84 nonzeros

Iteration    Objective       Primal Inf.    Dual Inf.      Time
       0    5.7400000e+34   5.313000e+31   5.740000e+04      0s
      12    2.0948750e+06   0.000000e+00   0.000000e+00      0s

Solved in 12 iterations and 0.00 seconds
Optimal objective  2.094875000e+06

Gurobi 8.1.0 (win64, Python) logging started 02/16/19 21:14:51

Academic license - for non-commercial use only
Optimize a model with 12 rows, 28 columns and 84 nonzeros
Coefficient statistics:
  Matrix range     [5e-01, 6e+00]
  Objective range  [6e+02, 3e+03]
  Bounds range     [0e+00, 0e+00]
  RHS range        [1e+02, 1e+03]
Presolve time: 0.00s
Presolved: 12 rows, 28 columns, 84 nonzeros

Iteration    Objective       Primal Inf.    Dual Inf.      Time
       0    5.7400000e+34   5.313000e+31   5.740000e+04      0s
      12    2.0948750e+06   0.000000e+00   0.000000e+00      0s

Solved in 12 iterations and 0.00 seconds
Optimal objective  2.094875000e+06

Gurobi 8.1.0 (win64, Python) logging started 02/16/19 21:15:48

Academic license - for non-commercial use only
Optimize a model with 12 rows, 28 columns and 84 nonzeros
Coefficient statistics:
  Matrix range     [5e-01, 6e+00]
  Objective range  [6e+02, 3e+03]
  Bounds range     [0e+00, 0e+00]
  RHS range        [1e+02, 1e+03]
Presolve time: 0.00s
Presolved: 12 rows, 28 columns, 84 nonzeros

Iteration    Objective       Primal Inf.    Dual Inf.      Time
       0    5.7400000e+34   5.313000e+31   5.740000e+04      0s
      12    2.0948750e+06   0.000000e+00   0.000000e+00      0s

Solved in 12 iterations and 0.00 seconds
Optimal objective  2.094875000e+06

Gurobi 8.1.0 (win64, Python) logging started 02/16/19 21:17:57

Academic license - for non-commercial use only
Optimize a model with 12 rows, 28 columns and 84 nonzeros
Coefficient statistics:
  Matrix range     [5e-01, 6e+00]
  Objective range  [6e+02, 3e+03]
  Bounds range     [0e+00, 0e+00]
  RHS range        [1e+02, 1e+03]
Presolve time: 0.00s
Presolved: 12 rows, 28 columns, 84 nonzeros

Iteration    Objective       Primal Inf.    Dual Inf.      Time
       0    5.7400000e+34   5.313000e+31   5.740000e+04      0s
      12    2.0948750e+06   0.000000e+00   0.000000e+00      0s

Solved in 12 iterations and 0.00 seconds
Optimal objective  2.094875000e+06

Gurobi 8.1.0 (win64, Python) logging started 02/16/19 21:18:54

Academic license - for non-commercial use only
Optimize a model with 12 rows, 28 columns and 84 nonzeros
Coefficient statistics:
  Matrix range     [5e-01, 6e+00]
  Objective range  [6e+02, 3e+03]
  Bounds range     [0e+00, 0e+00]
  RHS range        [1e+02, 1e+03]
Presolve time: 0.00s
Presolved: 12 rows, 28 columns, 84 nonzeros

Iteration    Objective       Primal Inf.    Dual Inf.      Time
       0    5.7400000e+34   5.313000e+31   5.740000e+04      0s
      12    2.0948750e+06   0.000000e+00   0.000000e+00      0s

Solved in 12 iterations and 0.00 seconds
Optimal objective  2.094875000e+06

Gurobi 8.1.0 (win64, Python) logging started 02/16/19 21:18:59

Academic license - for non-commercial use only
Optimize a model with 12 rows, 28 columns and 84 nonzeros
Coefficient statistics:
  Matrix range     [5e-01, 6e+00]
  Objective range  [6e+02, 3e+03]
  Bounds range     [0e+00, 0e+00]
  RHS range        [1e+02, 1e+03]
Presolve time: 0.00s
Presolved: 12 rows, 28 columns, 84 nonzeros

Iteration    Objective       Primal Inf.    Dual Inf.      Time
       0    5.7400000e+34   5.313000e+31   5.740000e+04      0s
      12    2.0948750e+06   0.000000e+00   0.000000e+00      0s

Solved in 12 iterations and 0.00 seconds
Optimal objective  2.094875000e+06

Gurobi 8.1.0 (win64, Python) logging started 02/16/19 21:19:21

Academic license - for non-commercial use only
Optimize a model with 12 rows, 28 columns and 84 nonzeros
Coefficient statistics:
  Matrix range     [5e-01, 6e+00]
  Objective range  [6e+02, 3e+03]
  Bounds range     [0e+00, 0e+00]
  RHS range        [1e+02, 1e+03]
Presolve time: 0.00s
Presolved: 12 rows, 28 columns, 84 nonzeros

Iteration    Objective       Primal Inf.    Dual Inf.      Time
       0    5.7400000e+34   5.313000e+31   5.740000e+04      0s
      12    2.0948750e+06   0.000000e+00   0.000000e+00      0s

Solved in 12 iterations and 0.00 seconds
Optimal objective  2.094875000e+06

Gurobi 8.1.0 (win64, Python) logging started 02/16/19 21:19:51

Academic license - for non-commercial use only
Optimize a model with 12 rows, 28 columns and 84 nonzeros
Coefficient statistics:
  Matrix range     [5e-01, 6e+00]
  Objective range  [6e+02, 3e+03]
  Bounds range     [0e+00, 0e+00]
  RHS range        [1e+02, 1e+03]
Presolve time: 0.00s
Presolved: 12 rows, 28 columns, 84 nonzeros

Iteration    Objective       Primal Inf.    Dual Inf.      Time
       0    5.7400000e+34   5.313000e+31   5.740000e+04      0s
      12    2.0948750e+06   0.000000e+00   0.000000e+00      0s

Solved in 12 iterations and 0.00 seconds
Optimal objective  2.094875000e+06

Gurobi 8.1.0 (win64, Python) logging started 02/16/19 21:20:05

Academic license - for non-commercial use only
Optimize a model with 12 rows, 28 columns and 84 nonzeros
Coefficient statistics:
  Matrix range     [5e-01, 6e+00]
  Objective range  [6e+02, 3e+03]
  Bounds range     [0e+00, 0e+00]
  RHS range        [1e+02, 1e+03]
Presolve time: 0.00s
Presolved: 12 rows, 28 columns, 84 nonzeros

Iteration    Objective       Primal Inf.    Dual Inf.      Time
       0    5.7400000e+34   5.313000e+31   5.740000e+04      0s
      12    2.0948750e+06   0.000000e+00   0.000000e+00      0s

Solved in 12 iterations and 0.00 seconds
Optimal objective  2.094875000e+06

Gurobi 8.1.0 (win64, Python) logging started 02/16/19 21:20:18

Academic license - for non-commercial use only
Optimize a model with 12 rows, 28 columns and 84 nonzeros
Coefficient statistics:
  Matrix range     [5e-01, 6e+00]
  Objective range  [6e+02, 3e+03]
  Bounds range     [0e+00, 0e+00]
  RHS range        [1e+02, 1e+03]
Presolve time: 0.00s
Presolved: 12 rows, 28 columns, 84 nonzeros

Iteration    Objective       Primal Inf.    Dual Inf.      Time
       0    5.7400000e+34   5.313000e+31   5.740000e+04      0s
      12    2.0948750e+06   0.000000e+00   0.000000e+00      0s

Solved in 12 iterations and 0.00 seconds
Optimal objective  2.094875000e+06

Gurobi 8.1.0 (win64, Python) logging started 02/16/19 21:20:22

Academic license - for non-commercial use only
Optimize a model with 12 rows, 28 columns and 84 nonzeros
Coefficient statistics:
  Matrix range     [5e-01, 6e+00]
  Objective range  [6e+02, 3e+03]
  Bounds range     [0e+00, 0e+00]
  RHS range        [1e+02, 1e+03]
Presolve time: 0.00s
Presolved: 12 rows, 28 columns, 84 nonzeros

Iteration    Objective       Primal Inf.    Dual Inf.      Time
       0    5.7400000e+34   5.313000e+31   5.740000e+04      0s
      12    2.0948750e+06   0.000000e+00   0.000000e+00      0s

Solved in 12 iterations and 0.00 seconds
Optimal objective  2.094875000e+06

Gurobi 8.1.0 (win64, Python) logging started 02/16/19 21:20:37

Academic license - for non-commercial use only
Optimize a model with 12 rows, 28 columns and 84 nonzeros
Coefficient statistics:
  Matrix range     [5e-01, 6e+00]
  Objective range  [6e+02, 3e+03]
  Bounds range     [0e+00, 0e+00]
  RHS range        [1e+02, 1e+03]
Presolve time: 0.00s
Presolved: 12 rows, 28 columns, 84 nonzeros

Iteration    Objective       Primal Inf.    Dual Inf.      Time
       0    5.7400000e+34   5.313000e+31   5.740000e+04      0s
      12    2.0948750e+06   0.000000e+00   0.000000e+00      0s

Solved in 12 iterations and 0.00 seconds
Optimal objective  2.094875000e+06

Gurobi 8.1.0 (win64, Python) logging started 02/16/19 21:20:45

Academic license - for non-commercial use only
Optimize a model with 12 rows, 28 columns and 84 nonzeros
Coefficient statistics:
  Matrix range     [5e-01, 6e+00]
  Objective range  [6e+02, 3e+03]
  Bounds range     [0e+00, 0e+00]
  RHS range        [1e+02, 1e+03]
Presolve time: 0.00s
Presolved: 12 rows, 28 columns, 84 nonzeros

Iteration    Objective       Primal Inf.    Dual Inf.      Time
       0    5.7400000e+34   5.313000e+31   5.740000e+04      0s
      12    2.0948750e+06   0.000000e+00   0.000000e+00      0s

Solved in 12 iterations and 0.00 seconds
Optimal objective  2.094875000e+06

Gurobi 8.1.0 (win64, Python) logging started 02/16/19 21:21:14

Academic license - for non-commercial use only
Optimize a model with 12 rows, 28 columns and 84 nonzeros
Coefficient statistics:
  Matrix range     [5e-01, 6e+00]
  Objective range  [6e+02, 3e+03]
  Bounds range     [0e+00, 0e+00]
  RHS range        [1e+02, 1e+03]
Presolve time: 0.00s
Presolved: 12 rows, 28 columns, 84 nonzeros

Iteration    Objective       Primal Inf.    Dual Inf.      Time
       0    5.7400000e+34   5.313000e+31   5.740000e+04      0s
      12    2.0948750e+06   0.000000e+00   0.000000e+00      0s

Solved in 12 iterations and 0.00 seconds
Optimal objective  2.094875000e+06

Gurobi 8.1.0 (win64, Python) logging started 02/16/19 21:21:18

Academic license - for non-commercial use only
Optimize a model with 12 rows, 28 columns and 84 nonzeros
Coefficient statistics:
  Matrix range     [5e-01, 6e+00]
  Objective range  [6e+02, 3e+03]
  Bounds range     [0e+00, 0e+00]
  RHS range        [1e+02, 1e+03]
Presolve time: 0.00s
Presolved: 12 rows, 28 columns, 84 nonzeros

Iteration    Objective       Primal Inf.    Dual Inf.      Time
       0    5.7400000e+34   5.313000e+31   5.740000e+04      0s
      12    2.0948750e+06   0.000000e+00   0.000000e+00      0s

Solved in 12 iterations and 0.00 seconds
Optimal objective  2.094875000e+06

Gurobi 8.1.0 (win64, Python) logging started 02/16/19 21:22:47

Academic license - for non-commercial use only
Optimize a model with 12 rows, 28 columns and 84 nonzeros
Coefficient statistics:
  Matrix range     [5e-01, 6e+00]
  Objective range  [6e+02, 3e+03]
  Bounds range     [0e+00, 0e+00]
  RHS range        [1e+02, 1e+03]
Presolve time: 0.00s
Presolved: 12 rows, 28 columns, 84 nonzeros

Iteration    Objective       Primal Inf.    Dual Inf.      Time
       0    5.7400000e+34   5.313000e+31   5.740000e+04      0s
      12    2.0948750e+06   0.000000e+00   0.000000e+00      0s

Solved in 12 iterations and 0.00 seconds
Optimal objective  2.094875000e+06

Gurobi 8.1.0 (win64, Python) logging started 02/16/19 21:22:51

Academic license - for non-commercial use only
Optimize a model with 12 rows, 28 columns and 84 nonzeros
Coefficient statistics:
  Matrix range     [5e-01, 6e+00]
  Objective range  [6e+02, 3e+03]
  Bounds range     [0e+00, 0e+00]
  RHS range        [1e+02, 1e+03]
Presolve time: 0.00s
Presolved: 12 rows, 28 columns, 84 nonzeros

Iteration    Objective       Primal Inf.    Dual Inf.      Time
       0    5.7400000e+34   5.313000e+31   5.740000e+04      0s
      12    2.0948750e+06   0.000000e+00   0.000000e+00      0s

Solved in 12 iterations and 0.01 seconds
Optimal objective  2.094875000e+06

Gurobi 8.1.0 (win64, Python) logging started 02/16/19 21:23:06

Academic license - for non-commercial use only
Optimize a model with 12 rows, 28 columns and 84 nonzeros
Coefficient statistics:
  Matrix range     [5e-01, 6e+00]
  Objective range  [6e+02, 3e+03]
  Bounds range     [0e+00, 0e+00]
  RHS range        [1e+02, 1e+03]
Presolve time: 0.00s
Presolved: 12 rows, 28 columns, 84 nonzeros

Iteration    Objective       Primal Inf.    Dual Inf.      Time
       0    5.7400000e+34   5.313000e+31   5.740000e+04      0s
      12    2.0948750e+06   0.000000e+00   0.000000e+00      0s

Solved in 12 iterations and 0.00 seconds
Optimal objective  2.094875000e+06

Gurobi 8.1.0 (win64, Python) logging started 02/16/19 21:26:00

Academic license - for non-commercial use only
Optimize a model with 12 rows, 28 columns and 84 nonzeros
Coefficient statistics:
  Matrix range     [5e-01, 6e+00]
  Objective range  [6e+02, 3e+03]
  Bounds range     [0e+00, 0e+00]
  RHS range        [1e+02, 1e+03]
Presolve time: 0.00s
Presolved: 12 rows, 28 columns, 84 nonzeros

Iteration    Objective       Primal Inf.    Dual Inf.      Time
       0    5.7400000e+34   5.313000e+31   5.740000e+04      0s
      12    2.0948750e+06   0.000000e+00   0.000000e+00      0s

Solved in 12 iterations and 0.00 seconds
Optimal objective  2.094875000e+06

Gurobi 8.1.0 (win64, Python) logging started 02/16/19 21:26:55

Academic license - for non-commercial use only
Optimize a model with 12 rows, 28 columns and 84 nonzeros
Coefficient statistics:
  Matrix range     [5e-01, 6e+00]
  Objective range  [6e+02, 3e+03]
  Bounds range     [0e+00, 0e+00]
  RHS range        [1e+02, 1e+03]
Presolve time: 0.00s
Presolved: 12 rows, 28 columns, 84 nonzeros

Iteration    Objective       Primal Inf.    Dual Inf.      Time
       0    5.7400000e+34   5.313000e+31   5.740000e+04      0s
      12    2.0948750e+06   0.000000e+00   0.000000e+00      0s

Solved in 12 iterations and 0.01 seconds
Optimal objective  2.094875000e+06

Gurobi 8.1.0 (win64, Python) logging started 02/16/19 21:28:50

Academic license - for non-commercial use only
Optimize a model with 12 rows, 28 columns and 84 nonzeros
Coefficient statistics:
  Matrix range     [5e-01, 6e+00]
  Objective range  [6e+02, 3e+03]
  Bounds range     [0e+00, 0e+00]
  RHS range        [1e+02, 1e+03]
Presolve time: 0.00s
Presolved: 12 rows, 28 columns, 84 nonzeros

Iteration    Objective       Primal Inf.    Dual Inf.      Time
       0    5.7400000e+34   5.313000e+31   5.740000e+04      0s
      12    2.0948750e+06   0.000000e+00   0.000000e+00      0s

Solved in 12 iterations and 0.00 seconds
Optimal objective  2.094875000e+06

Gurobi 8.1.0 (win64, Python) logging started 02/16/19 21:29:04

Academic license - for non-commercial use only
Optimize a model with 12 rows, 28 columns and 84 nonzeros
Coefficient statistics:
  Matrix range     [5e-01, 6e+00]
  Objective range  [6e+02, 3e+03]
  Bounds range     [0e+00, 0e+00]
  RHS range        [1e+02, 1e+03]
Presolve time: 0.00s
Presolved: 12 rows, 28 columns, 84 nonzeros

Iteration    Objective       Primal Inf.    Dual Inf.      Time
       0    5.7400000e+34   5.313000e+31   5.740000e+04      0s
      12    2.0948750e+06   0.000000e+00   0.000000e+00      0s

Solved in 12 iterations and 0.00 seconds
Optimal objective  2.094875000e+06

Gurobi 8.1.0 (win64, Python) logging started 02/16/19 21:30:01

Academic license - for non-commercial use only
Optimize a model with 12 rows, 28 columns and 84 nonzeros
Coefficient statistics:
  Matrix range     [5e-01, 6e+00]
  Objective range  [6e+02, 3e+03]
  Bounds range     [0e+00, 0e+00]
  RHS range        [1e+02, 1e+03]
Presolve time: 0.00s
Presolved: 12 rows, 28 columns, 84 nonzeros

Iteration    Objective       Primal Inf.    Dual Inf.      Time
       0    5.7400000e+34   5.313000e+31   5.740000e+04      0s
      12    2.0948750e+06   0.000000e+00   0.000000e+00      0s

Solved in 12 iterations and 0.00 seconds
Optimal objective  2.094875000e+06

Gurobi 8.1.0 (win64, Python) logging started 02/16/19 21:30:51

Academic license - for non-commercial use only
Optimize a model with 12 rows, 28 columns and 84 nonzeros
Coefficient statistics:
  Matrix range     [5e-01, 6e+00]
  Objective range  [6e+02, 3e+03]
  Bounds range     [0e+00, 0e+00]
  RHS range        [1e+02, 1e+03]
Presolve time: 0.00s
Presolved: 12 rows, 28 columns, 84 nonzeros

Iteration    Objective       Primal Inf.    Dual Inf.      Time
       0    5.7400000e+34   5.313000e+31   5.740000e+04      0s
      12    2.0948750e+06   0.000000e+00   0.000000e+00      0s

Solved in 12 iterations and 0.00 seconds
Optimal objective  2.094875000e+06

Gurobi 8.1.0 (win64, Python) logging started 02/16/19 21:31:00

Academic license - for non-commercial use only
Optimize a model with 12 rows, 28 columns and 84 nonzeros
Coefficient statistics:
  Matrix range     [5e-01, 6e+00]
  Objective range  [6e+02, 3e+03]
  Bounds range     [0e+00, 0e+00]
  RHS range        [1e+02, 1e+03]
Presolve time: 0.00s
Presolved: 12 rows, 28 columns, 84 nonzeros

Iteration    Objective       Primal Inf.    Dual Inf.      Time
       0    5.7400000e+34   5.313000e+31   5.740000e+04      0s
      12    2.0948750e+06   0.000000e+00   0.000000e+00      0s

Solved in 12 iterations and 0.00 seconds
Optimal objective  2.094875000e+06

Gurobi 8.1.0 (win64, Python) logging started 02/16/19 21:32:42

Academic license - for non-commercial use only
Optimize a model with 12 rows, 28 columns and 84 nonzeros
Coefficient statistics:
  Matrix range     [5e-01, 6e+00]
  Objective range  [6e+02, 3e+03]
  Bounds range     [0e+00, 0e+00]
  RHS range        [1e+02, 1e+03]
Presolve time: 0.00s
Presolved: 12 rows, 28 columns, 84 nonzeros

Iteration    Objective       Primal Inf.    Dual Inf.      Time
       0    5.7400000e+34   5.313000e+31   5.740000e+04      0s
      12    2.0948750e+06   0.000000e+00   0.000000e+00      0s

Solved in 12 iterations and 0.00 seconds
Optimal objective  2.094875000e+06

Gurobi 8.1.0 (win64, Python) logging started 02/19/19 19:33:56

Academic license - for non-commercial use only
Optimize a model with 12 rows, 28 columns and 84 nonzeros
Coefficient statistics:
  Matrix range     [5e-01, 6e+00]
  Objective range  [6e+02, 3e+03]
  Bounds range     [0e+00, 0e+00]
  RHS range        [1e+02, 1e+03]
Presolve time: 0.01s
Presolved: 12 rows, 28 columns, 84 nonzeros

Iteration    Objective       Primal Inf.    Dual Inf.      Time
       0    5.7400000e+34   5.313000e+31   5.740000e+04      0s
      12    2.0948750e+06   0.000000e+00   0.000000e+00      0s

Solved in 12 iterations and 0.01 seconds
Optimal objective  2.094875000e+06

Gurobi 8.1.0 (win64, Python) logging started 02/19/19 20:57:15

Academic license - for non-commercial use only

Gurobi 8.1.0 (win64, Python) logging started 02/19/19 21:01:24

Academic license - for non-commercial use only

Gurobi 8.1.0 (win64, Python) logging started 02/19/19 21:01:35

Academic license - for non-commercial use only

Gurobi 8.1.0 (win64, Python) logging started 02/19/19 21:04:03

Academic license - for non-commercial use only

Gurobi 8.1.0 (win64, Python) logging started 02/19/19 21:04:15

Academic license - for non-commercial use only

Gurobi 8.1.0 (win64, Python) logging started 02/19/19 21:04:40

Academic license - for non-commercial use only

Gurobi 8.1.0 (win64, Python) logging started 02/19/19 21:05:15

Academic license - for non-commercial use only

Gurobi 8.1.0 (win64, Python) logging started 02/19/19 21:05:43

Academic license - for non-commercial use only

Gurobi 8.1.0 (win64, Python) logging started 02/19/19 21:06:24

Academic license - for non-commercial use only

Gurobi 8.1.0 (win64, Python) logging started 02/19/19 21:10:00

Academic license - for non-commercial use only

Gurobi 8.1.0 (win64, Python) logging started 02/19/19 21:15:28

Academic license - for non-commercial use only

Gurobi 8.1.0 (win64, Python) logging started 02/19/19 21:16:16

Academic license - for non-commercial use only

Gurobi 8.1.0 (win64, Python) logging started 02/19/19 21:18:03

Academic license - for non-commercial use only

Gurobi 8.1.0 (win64, Python) logging started 02/19/19 21:18:35

Academic license - for non-commercial use only

Gurobi 8.1.0 (win64, Python) logging started 02/19/19 21:19:17

Academic license - for non-commercial use only

Gurobi 8.1.0 (win64, Python) logging started 02/19/19 21:19:52

Academic license - for non-commercial use only

Gurobi 8.1.0 (win64, Python) logging started 02/19/19 21:20:43

Academic license - for non-commercial use only

Gurobi 8.1.0 (win64, Python) logging started 02/19/19 21:22:14

Academic license - for non-commercial use only

Gurobi 8.1.0 (win64, Python) logging started 02/19/19 21:22:38

Academic license - for non-commercial use only

Gurobi 8.1.0 (win64, Python) logging started 02/19/19 21:25:48

Academic license - for non-commercial use only

Gurobi 8.1.0 (win64, Python) logging started 02/19/19 21:26:14

Academic license - for non-commercial use only

Gurobi 8.1.0 (win64, Python) logging started 02/19/19 21:27:32

Academic license - for non-commercial use only

Gurobi 8.1.0 (win64, Python) logging started 02/19/19 21:28:00

Academic license - for non-commercial use only

Gurobi 8.1.0 (win64, Python) logging started 02/19/19 21:28:40

Academic license - for non-commercial use only

Gurobi 8.1.0 (win64, Python) logging started 02/19/19 21:30:02

Academic license - for non-commercial use only

Gurobi 8.1.0 (win64, Python) logging started 02/19/19 21:32:25

Academic license - for non-commercial use only

Gurobi 8.1.0 (win64, Python) logging started 02/19/19 21:32:47

Academic license - for non-commercial use only

Gurobi 8.1.0 (win64, Python) logging started 02/19/19 21:34:29

Academic license - for non-commercial use only

Gurobi 8.1.0 (win64, Python) logging started 02/19/19 21:34:51

Academic license - for non-commercial use only

Gurobi 8.1.0 (win64, Python) logging started 02/19/19 21:35:18

Academic license - for non-commercial use only

Gurobi 8.1.0 (win64, Python) logging started 02/19/19 21:35:29

Academic license - for non-commercial use only

Gurobi 8.1.0 (win64, Python) logging started 02/19/19 21:36:33

Academic license - for non-commercial use only

Gurobi 8.1.0 (win64, Python) logging started 02/19/19 21:36:47

Academic license - for non-commercial use only

Gurobi 8.1.0 (win64, Python) logging started 02/19/19 21:37:07

Academic license - for non-commercial use only

Gurobi 8.1.0 (win64, Python) logging started 02/19/19 21:37:41

Academic license - for non-commercial use only

Gurobi 8.1.0 (win64, Python) logging started 02/19/19 21:40:21

Academic license - for non-commercial use only

Gurobi 8.1.0 (win64, Python) logging started 02/19/19 21:40:52

Academic license - for non-commercial use only

Gurobi 8.1.0 (win64, Python) logging started 02/19/19 21:51:43

Academic license - for non-commercial use only

Gurobi 8.1.0 (win64, Python) logging started 02/19/19 21:53:13

Academic license - for non-commercial use only

Gurobi 8.1.0 (win64, Python) logging started 02/19/19 21:53:36

Academic license - for non-commercial use only

Gurobi 8.1.0 (win64, Python) logging started 02/19/19 22:30:29

Academic license - for non-commercial use only

Gurobi 8.1.0 (win64, Python) logging started 02/19/19 22:30:45

Academic license - for non-commercial use only

Gurobi 8.1.0 (win64, Python) logging started 02/19/19 22:30:54

Academic license - for non-commercial use only

Gurobi 8.1.0 (win64, Python) logging started 02/19/19 22:31:52

Academic license - for non-commercial use only

Gurobi 8.1.0 (win64, Python) logging started 02/19/19 22:32:06

Academic license - for non-commercial use only

Gurobi 8.1.0 (win64, Python) logging started 02/19/19 22:32:24

Academic license - for non-commercial use only

Gurobi 8.1.0 (win64, Python) logging started 02/19/19 22:33:22

Academic license - for non-commercial use only

Gurobi 8.1.0 (win64, Python) logging started 02/19/19 22:33:41

Academic license - for non-commercial use only

Gurobi 8.1.0 (win64, Python) logging started 02/19/19 22:34:37

Academic license - for non-commercial use only
Optimize a model with 11 rows, 24 columns and 72 nonzeros
Coefficient statistics:
  Matrix range     [5e-01, 6e+00]
  Objective range  [6e+02, 3e+03]
  Bounds range     [0e+00, 0e+00]
  RHS range        [1e+02, 1e+03]
Presolve time: 0.00s
Presolved: 11 rows, 24 columns, 72 nonzeros

Iteration    Objective       Primal Inf.    Dual Inf.      Time
       0    5.2600000e+34   4.679000e+31   5.260000e+04      0s
      11    1.9218750e+06   0.000000e+00   0.000000e+00      0s

Solved in 11 iterations and 0.00 seconds
Optimal objective  1.921875000e+06

Gurobi 8.1.0 (win64, Python) logging started 02/19/19 22:34:45

Academic license - for non-commercial use only
Optimize a model with 12 rows, 28 columns and 84 nonzeros
Coefficient statistics:
  Matrix range     [5e-01, 6e+00]
  Objective range  [6e+02, 3e+03]
  Bounds range     [0e+00, 0e+00]
  RHS range        [1e+02, 1e+03]
Presolve time: 0.00s
Presolved: 12 rows, 28 columns, 84 nonzeros

Iteration    Objective       Primal Inf.    Dual Inf.      Time
       0    5.7400000e+34   5.313000e+31   5.740000e+04      0s
      12    2.0948750e+06   0.000000e+00   0.000000e+00      0s

Solved in 12 iterations and 0.00 seconds
Optimal objective  2.094875000e+06

Gurobi 8.1.0 (win64, Python) logging started 02/19/19 22:36:16

Academic license - for non-commercial use only
Optimize a model with 12 rows, 28 columns and 84 nonzeros
Coefficient statistics:
  Matrix range     [5e-01, 6e+00]
  Objective range  [6e+02, 3e+03]
  Bounds range     [0e+00, 0e+00]
  RHS range        [1e+02, 1e+03]
Presolve time: 0.00s
Presolved: 12 rows, 28 columns, 84 nonzeros

Iteration    Objective       Primal Inf.    Dual Inf.      Time
       0    5.7400000e+34   5.313000e+31   5.740000e+04      0s
      12    2.0948750e+06   0.000000e+00   0.000000e+00      0s

Solved in 12 iterations and 0.00 seconds
Optimal objective  2.094875000e+06

Gurobi 8.1.0 (win64, Python) logging started 02/19/19 22:36:24

Academic license - for non-commercial use only
Optimize a model with 11 rows, 24 columns and 72 nonzeros
Coefficient statistics:
  Matrix range     [5e-01, 6e+00]
  Objective range  [6e+02, 3e+03]
  Bounds range     [0e+00, 0e+00]
  RHS range        [1e+02, 1e+03]
Presolve time: 0.00s
Presolved: 11 rows, 24 columns, 72 nonzeros

Iteration    Objective       Primal Inf.    Dual Inf.      Time
       0    5.2600000e+34   4.679000e+31   5.260000e+04      0s
      11    1.9218750e+06   0.000000e+00   0.000000e+00      0s

Solved in 11 iterations and 0.00 seconds
Optimal objective  1.921875000e+06

Gurobi 8.1.0 (win64, Python) logging started 02/19/19 22:37:15

Academic license - for non-commercial use only
Optimize a model with 11 rows, 24 columns and 72 nonzeros
Coefficient statistics:
  Matrix range     [5e-01, 6e+00]
  Objective range  [6e+02, 3e+03]
  Bounds range     [0e+00, 0e+00]
  RHS range        [1e+02, 1e+03]
Presolve time: 0.00s
Presolved: 11 rows, 24 columns, 72 nonzeros

Iteration    Objective       Primal Inf.    Dual Inf.      Time
       0    5.2600000e+34   4.679000e+31   5.260000e+04      0s
      11    1.9218750e+06   0.000000e+00   0.000000e+00      0s

Solved in 11 iterations and 0.00 seconds
Optimal objective  1.921875000e+06

Gurobi 8.1.0 (win64, Python) logging started 02/19/19 22:38:07

Academic license - for non-commercial use only
Optimize a model with 11 rows, 24 columns and 72 nonzeros
Coefficient statistics:
  Matrix range     [5e-01, 6e+00]
  Objective range  [6e+02, 3e+03]
  Bounds range     [0e+00, 0e+00]
  RHS range        [1e+02, 1e+03]
Presolve time: 0.00s
Presolved: 11 rows, 24 columns, 72 nonzeros

Iteration    Objective       Primal Inf.    Dual Inf.      Time
       0    5.2600000e+34   4.679000e+31   5.260000e+04      0s
      11    1.9218750e+06   0.000000e+00   0.000000e+00      0s

Solved in 11 iterations and 0.00 seconds
Optimal objective  1.921875000e+06

Gurobi 8.1.0 (win64, Python) logging started 02/19/19 22:38:17

Academic license - for non-commercial use only
Optimize a model with 11 rows, 24 columns and 72 nonzeros
Coefficient statistics:
  Matrix range     [5e-01, 6e+00]
  Objective range  [6e+02, 3e+03]
  Bounds range     [0e+00, 0e+00]
  RHS range        [1e+02, 1e+03]
Presolve time: 0.00s
Presolved: 11 rows, 24 columns, 72 nonzeros

Iteration    Objective       Primal Inf.    Dual Inf.      Time
       0    5.2600000e+34   4.679000e+31   5.260000e+04      0s
      11    1.9218750e+06   0.000000e+00   0.000000e+00      0s

Solved in 11 iterations and 0.00 seconds
Optimal objective  1.921875000e+06

Gurobi 8.1.0 (win64, Python) logging started 02/19/19 22:38:27

Academic license - for non-commercial use only
Optimize a model with 12 rows, 28 columns and 84 nonzeros
Coefficient statistics:
  Matrix range     [5e-01, 6e+00]
  Objective range  [6e+02, 3e+03]
  Bounds range     [0e+00, 0e+00]
  RHS range        [1e+02, 1e+03]
Presolve time: 0.00s
Presolved: 12 rows, 28 columns, 84 nonzeros

Iteration    Objective       Primal Inf.    Dual Inf.      Time
       0    5.7400000e+34   5.313000e+31   5.740000e+04      0s
      12    2.0948750e+06   0.000000e+00   0.000000e+00      0s

Solved in 12 iterations and 0.00 seconds
Optimal objective  2.094875000e+06

Gurobi 8.1.0 (win64, Python) logging started 02/19/19 22:38:58

Academic license - for non-commercial use only
Optimize a model with 12 rows, 28 columns and 84 nonzeros
Coefficient statistics:
  Matrix range     [5e-01, 6e+00]
  Objective range  [6e+02, 3e+03]
  Bounds range     [0e+00, 0e+00]
  RHS range        [1e+02, 1e+03]
Presolve time: 0.00s
Presolved: 12 rows, 28 columns, 84 nonzeros

Iteration    Objective       Primal Inf.    Dual Inf.      Time
       0    5.7400000e+34   5.313000e+31   5.740000e+04      0s
      12    2.0948750e+06   0.000000e+00   0.000000e+00      0s

Solved in 12 iterations and 0.00 seconds
Optimal objective  2.094875000e+06

Gurobi 8.1.0 (win64, Python) logging started 02/19/19 22:39:13

Academic license - for non-commercial use only

Gurobi 8.1.0 (win64, Python) logging started 02/26/19 17:25:48

Academic license - for non-commercial use only
Optimize a model with 12 rows, 28 columns and 84 nonzeros
Coefficient statistics:
  Matrix range     [5e-01, 6e+00]
  Objective range  [6e+02, 3e+03]
  Bounds range     [0e+00, 0e+00]
  RHS range        [1e+02, 1e+03]
Presolve time: 0.01s
Presolved: 12 rows, 28 columns, 84 nonzeros

Iteration    Objective       Primal Inf.    Dual Inf.      Time
       0    5.7400000e+34   5.313000e+31   5.740000e+04      0s
      12    2.0948750e+06   0.000000e+00   0.000000e+00      0s

Solved in 12 iterations and 0.01 seconds
Optimal objective  2.094875000e+06

Gurobi 8.1.0 (win64, Python) logging started 02/26/19 17:26:24

Academic license - for non-commercial use only
Optimize a model with 12 rows, 28 columns and 84 nonzeros
Coefficient statistics:
  Matrix range     [5e-01, 6e+00]
  Objective range  [6e+02, 3e+03]
  Bounds range     [0e+00, 0e+00]
  RHS range        [1e+02, 1e+03]
Presolve time: 0.00s
Presolved: 12 rows, 28 columns, 84 nonzeros

Iteration    Objective       Primal Inf.    Dual Inf.      Time
       0    5.7400000e+34   5.313000e+31   5.740000e+04      0s
      12    2.0948750e+06   0.000000e+00   0.000000e+00      0s

Solved in 12 iterations and 0.00 seconds
Optimal objective  2.094875000e+06

Gurobi 8.1.0 (win64, Python) logging started 02/26/19 17:26:29

Academic license - for non-commercial use only
Optimize a model with 12 rows, 28 columns and 84 nonzeros
Coefficient statistics:
  Matrix range     [5e-01, 6e+00]
  Objective range  [6e+02, 3e+03]
  Bounds range     [0e+00, 0e+00]
  RHS range        [1e+02, 1e+03]
Presolve time: 0.00s
Presolved: 12 rows, 28 columns, 84 nonzeros

Iteration    Objective       Primal Inf.    Dual Inf.      Time
       0    5.7400000e+34   5.313000e+31   5.740000e+04      0s
      12    2.0948750e+06   0.000000e+00   0.000000e+00      0s

Solved in 12 iterations and 0.00 seconds
Optimal objective  2.094875000e+06
